<?xml version="1.0" encoding="UTF-8"?>
<!-- Generated by org.testng.reporters.JUnitReportReporter -->
<testsuite hostname="DESKTOP-MMIJ5KE" failures="0" tests="1" name="tests.HomePageTest" time="4.352" errors="0" timestamp="2023-10-10T18:46:54 IST" skipped="0">
  <testcase classname="tests.HomePageTest" name="clickTab" time="4.352"/>
  <system-out/>
</testsuite> <!-- tests.HomePageTest -->
