<?xml version="1.0" encoding="UTF-8"?>
<!-- Generated by org.testng.reporters.JUnitReportReporter -->
<testsuite hostname="DESKTOP-MMIJ5KE" failures="0" tests="2" name="tests.LoginTest" time="3.095" errors="0" timestamp="2023-10-10T18:46:54 IST" skipped="0">
  <testcase classname="tests.LoginTest" name="verifyTitle" time="0.029"/>
  <system-out/>
  <testcase classname="tests.LoginTest" name="login" time="3.066"/>
  <system-out/>
</testsuite> <!-- tests.LoginTest -->
