<?xml version="1.0" encoding="UTF-8"?>
<!-- Generated by org.testng.reporters.JUnitReportReporter -->
<testsuite hostname="DESKTOP-MMIJ5KE" failures="0" tests="1" name="tests.dummy" time="0.012" errors="0" timestamp="2023-09-29T16:10:04 IST" skipped="0">
  <testcase classname="tests.dummy" name="test1" time="0.012"/>
  <system-out/>
</testsuite> <!-- tests.dummy -->
