<?xml version="1.0" encoding="UTF-8"?>
<!-- Generated by org.testng.reporters.JUnitReportReporter -->
<testsuite hostname="DESKTOP-MMIJ5KE" failures="0" tests="2" name="tests.LoginTest" time="4.096" errors="0" timestamp="2023-10-19T17:33:02 IST" skipped="0">
  <testcase classname="tests.LoginTest" name="verifyTitle" time="0.017"/>
  <system-out/>
  <testcase classname="tests.LoginTest" name="login" time="4.079"/>
  <system-out/>
</testsuite> <!-- tests.LoginTest -->
